[    0.000000] Linux version 4.15.0-159-generic (buildd@lgw01-amd64-055) (gcc version 7.5.0 (Ubuntu 7.5.0-3ubuntu1~18.04)) #167-Ubuntu SMP Tue Sep 21 08:55:05 UTC 2021 (Ubuntu 4.15.0-159.167-generic 4.15.18)
[    0.000000] Command line: BOOT_IMAGE=/boot/vmlinuz-4.15.0-159-generic root=LABEL=cloudimg-rootfs ro console=tty1 console=ttyS0
[    0.000000] KERNEL supported cpus:
[    0.000000]   Intel GenuineIntel
[    0.000000]   AMD AuthenticAMD
[    0.000000]   Centaur CentaurHauls
[    0.000000] [Firmware Bug]: TSC doesn't count with P0 frequency!
[    0.000000] x86/fpu: Supporting XSAVE feature 0x001: 'x87 floating point registers'
[    0.000000] x86/fpu: Supporting XSAVE feature 0x002: 'SSE registers'
[    0.000000] x86/fpu: Supporting XSAVE feature 0x004: 'AVX registers'
[    0.000000] x86/fpu: xstate_offset[2]:  576, xstate_sizes[2]:  256
[    0.000000] x86/fpu: Enabled xstate features 0x7, context size is 832 bytes, using 'standard' format.
[    0.000000] e820: BIOS-provided physical RAM map:
[    0.000000] BIOS-e820: [mem 0x0000000000000000-0x000000000009fbff] usable
[    0.000000] BIOS-e820: [mem 0x000000000009fc00-0x000000000009ffff] reserved
[    0.000000] BIOS-e820: [mem 0x00000000000f0000-0x00000000000fffff] reserved
[    0.000000] BIOS-e820: [mem 0x0000000000100000-0x00000000dffeffff] usable
[    0.000000] BIOS-e820: [mem 0x00000000dfff0000-0x00000000dfffffff] ACPI data
[    0.000000] BIOS-e820: [mem 0x00000000fec00000-0x00000000fec00fff] reserved
[    0.000000] BIOS-e820: [mem 0x00000000fee00000-0x00000000fee00fff] reserved
[    0.000000] BIOS-e820: [mem 0x00000000fffc0000-0x00000000ffffffff] reserved
[    0.000000] BIOS-e820: [mem 0x0000000100000000-0x000000011fffffff] usable
[    0.000000] NX (Execute Disable) protection: active
[    0.000000] SMBIOS 2.5 present.
[    0.000000] DMI: innotek GmbH VirtualBox/VirtualBox, BIOS VirtualBox 12/01/2006
[    0.000000] Hypervisor detected: KVM
[    0.000000] e820: last_pfn = 0x120000 max_arch_pfn = 0x400000000
[    0.000000] MTRR: Disabled
[    0.000000] x86/PAT: MTRRs disabled, skipping PAT initialization too.
[    0.000000] CPU MTRRs all blank - virtualized system.
[    0.000000] x86/PAT: Configuration [0-7]: WB  WT  UC- UC  WB  WT  UC- UC  
[    0.000000] e820: last_pfn = 0xdfff0 max_arch_pfn = 0x400000000
[    0.000000] found SMP MP-table at [mem 0x0009fff0-0x0009ffff]
[    0.000000] Scanning 1 areas for low memory corruption
[    0.000000] RAMDISK: [mem 0x35815000-0x36c01fff]
[    0.000000] ACPI: Early table checksum verification disabled
[    0.000000] ACPI: RSDP 0x00000000000E0000 000024 (v02 VBOX  )
[    0.000000] ACPI: XSDT 0x00000000DFFF0030 00003C (v01 VBOX   VBOXXSDT 00000001 ASL  00000061)
[    0.000000] ACPI: FACP 0x00000000DFFF00F0 0000F4 (v04 VBOX   VBOXFACP 00000001 ASL  00000061)
[    0.000000] ACPI: DSDT 0x00000000DFFF0470 002325 (v02 VBOX   VBOXBIOS 00000002 INTL 20200925)
[    0.000000] ACPI: FACS 0x00000000DFFF0200 000040
[    0.000000] ACPI: FACS 0x00000000DFFF0200 000040
[    0.000000] ACPI: APIC 0x00000000DFFF0240 00005C (v02 VBOX   VBOXAPIC 00000001 ASL  00000061)
[    0.000000] ACPI: SSDT 0x00000000DFFF02A0 0001CC (v01 VBOX   VBOXCPUT 00000002 INTL 20200925)
[    0.000000] ACPI: Reserving FACP table memory at [mem 0xdfff00f0-0xdfff01e3]
[    0.000000] ACPI: Reserving DSDT table memory at [mem 0xdfff0470-0xdfff2794]
[    0.000000] ACPI: Reserving FACS table memory at [mem 0xdfff0200-0xdfff023f]
[    0.000000] ACPI: Reserving FACS table memory at [mem 0xdfff0200-0xdfff023f]
[    0.000000] ACPI: Reserving APIC table memory at [mem 0xdfff0240-0xdfff029b]
[    0.000000] ACPI: Reserving SSDT table memory at [mem 0xdfff02a0-0xdfff046b]
[    0.000000] No NUMA configuration found
[    0.000000] Faking a node at [mem 0x0000000000000000-0x000000011fffffff]
[    0.000000] NODE_DATA(0) allocated [mem 0x11ffd1000-0x11fffbfff]
[    0.000000] kvm-clock: cpu 0, msr 1:1ff50001, primary cpu clock
[    0.000000] kvm-clock: Using msrs 4b564d01 and 4b564d00
[    0.000000] kvm-clock: using sched offset of 2950997935 cycles
[    0.000000] clocksource: kvm-clock: mask: 0xffffffffffffffff max_cycles: 0x1cd42e4dffb, max_idle_ns: 881590591483 ns
[    0.000000] Zone ranges:
[    0.000000]   DMA      [mem 0x0000000000001000-0x0000000000ffffff]
[    0.000000]   DMA32    [mem 0x0000000001000000-0x00000000ffffffff]
[    0.000000]   Normal   [mem 0x0000000100000000-0x000000011fffffff]
[    0.000000]   Device   empty
[    0.000000] Movable zone start for each node
[    0.000000] Early memory node ranges
[    0.000000]   node   0: [mem 0x0000000000001000-0x000000000009efff]
[    0.000000]   node   0: [mem 0x0000000000100000-0x00000000dffeffff]
[    0.000000]   node   0: [mem 0x0000000100000000-0x000000011fffffff]
[    0.000000] Reserved but unavailable: 104 pages
[    0.000000] Initmem setup node 0 [mem 0x0000000000001000-0x000000011fffffff]
[    0.000000] ACPI: PM-Timer IO Port: 0x4008
[    0.000000] IOAPIC[0]: apic_id 2, version 32, address 0xfec00000, GSI 0-23
[    0.000000] ACPI: INT_SRC_OVR (bus 0 bus_irq 0 global_irq 2 dfl dfl)
[    0.000000] ACPI: INT_SRC_OVR (bus 0 bus_irq 9 global_irq 9 low level)
[    0.000000] Using ACPI (MADT) for SMP configuration information
[    0.000000] smpboot: Allowing 2 CPUs, 0 hotplug CPUs
[    0.000000] PM: Registered nosave memory: [mem 0x00000000-0x00000fff]
[    0.000000] PM: Registered nosave memory: [mem 0x0009f000-0x0009ffff]
[    0.000000] PM: Registered nosave memory: [mem 0x000a0000-0x000effff]
[    0.000000] PM: Registered nosave memory: [mem 0x000f0000-0x000fffff]
[    0.000000] PM: Registered nosave memory: [mem 0xdfff0000-0xdfffffff]
[    0.000000] PM: Registered nosave memory: [mem 0xe0000000-0xfebfffff]
[    0.000000] PM: Registered nosave memory: [mem 0xfec00000-0xfec00fff]
[    0.000000] PM: Registered nosave memory: [mem 0xfec01000-0xfedfffff]
[    0.000000] PM: Registered nosave memory: [mem 0xfee00000-0xfee00fff]
[    0.000000] PM: Registered nosave memory: [mem 0xfee01000-0xfffbffff]
[    0.000000] PM: Registered nosave memory: [mem 0xfffc0000-0xffffffff]
[    0.000000] e820: [mem 0xe0000000-0xfebfffff] available for PCI devices
[    0.000000] Booting paravirtualized kernel on KVM
[    0.000000] clocksource: refined-jiffies: mask: 0xffffffff max_cycles: 0xffffffff, max_idle_ns: 7645519600211568 ns
[    0.000000] random: get_random_bytes called from start_kernel+0x99/0x500 with crng_init=0
[    0.000000] setup_percpu: NR_CPUS:8192 nr_cpumask_bits:2 nr_cpu_ids:2 nr_node_ids:1
[    0.000000] percpu: Embedded 45 pages/cpu s147456 r8192 d28672 u1048576
[    0.000000] PV qspinlock hash table entries: 256 (order: 0, 4096 bytes)
[    0.000000] Built 1 zonelists, mobility grouping on.  Total pages: 1032057
[    0.000000] Policy zone: Normal
[    0.000000] Kernel command line: BOOT_IMAGE=/boot/vmlinuz-4.15.0-159-generic root=LABEL=cloudimg-rootfs ro console=tty1 console=ttyS0
[    0.000000] Memory: 4012440K/4193848K available (12300K kernel code, 2483K rwdata, 4320K rodata, 2448K init, 2724K bss, 181408K reserved, 0K cma-reserved)
[    0.000000] SLUB: HWalign=64, Order=0-3, MinObjects=0, CPUs=2, Nodes=1
[    0.000000] ftrace: allocating 39471 entries in 155 pages
[    0.004000] Hierarchical RCU implementation.
[    0.004000] 	RCU restricting CPUs from NR_CPUS=8192 to nr_cpu_ids=2.
[    0.004000] 	Tasks RCU enabled.
[    0.004000] RCU: Adjusting geometry for rcu_fanout_leaf=16, nr_cpu_ids=2
[    0.004000] NR_IRQS: 524544, nr_irqs: 440, preallocated irqs: 16
[    0.004000] Console: colour VGA+ 80x25
[    0.004000] console [tty1] enabled
[    0.004000] console [ttyS0] enabled
[    0.004000] ACPI: Core revision 20170831
[    0.004000] ACPI: 2 ACPI AML tables successfully acquired and loaded
[    0.004000] APIC: Switch to symmetric I/O mode setup
[    0.004000] x2apic enabled
[    0.004000] Switched APIC routing to physical x2apic.
[    0.004000] ..TIMER: vector=0x30 apic1=0 pin1=2 apic2=-1 pin2=-1
[    0.004000] tsc: Detected 3792.870 MHz processor
[    0.004000] Calibrating delay loop (skipped) preset value.. 7585.74 BogoMIPS (lpj=15171480)
[    0.004000] pid_max: default: 32768 minimum: 301
[    0.004000] Security Framework initialized
[    0.004000] Yama: becoming mindful.
[    0.004000] AppArmor: AppArmor initialized
[    0.004000] Dentry cache hash table entries: 524288 (order: 10, 4194304 bytes)
[    0.004000] Inode-cache hash table entries: 262144 (order: 9, 2097152 bytes)
[    0.004000] Mount-cache hash table entries: 8192 (order: 4, 65536 bytes)
[    0.004000] Mountpoint-cache hash table entries: 8192 (order: 4, 65536 bytes)
[    0.004000] Last level iTLB entries: 4KB 1024, 2MB 1024, 4MB 512
[    0.004000] Last level dTLB entries: 4KB 2048, 2MB 2048, 4MB 1024, 1GB 0
[    0.004000] Spectre V1 : Mitigation: usercopy/swapgs barriers and __user pointer sanitization
[    0.004000] Spectre V2 : Spectre mitigation: LFENCE not serializing, switching to generic retpoline
[    0.004000] Spectre V2 : Mitigation: Full generic retpoline
[    0.004000] Spectre V2 : Spectre v2 / SpectreRSB mitigation: Filling RSB on context switch
[    0.004000] Speculative Store Bypass: Mitigation: Speculative Store Bypass disabled via prctl and seccomp
[    0.004000] Freeing SMP alternatives memory: 36K
[    0.118801] APIC calibration not consistent with PM-Timer: 108ms instead of 100ms
[    0.119606] APIC delta adjusted to PM-Timer: 6409580 (6932028)
[    0.120053] smpboot: CPU0: AMD Ryzen 9 3900XT 12-Core Processor (family: 0x17, model: 0x71, stepping: 0x0)
[    0.121084] Performance Events: PMU not available due to virtualization, using software events only.
[    0.122039] Hierarchical SRCU implementation.
[    0.123066] NMI watchdog: Perf event create on CPU 0 failed with -2
[    0.123691] NMI watchdog: Perf NMI watchdog permanently disabled
[    0.124038] smp: Bringing up secondary CPUs ...
[    0.125229] x86: Booting SMP configuration:
[    0.125658] .... node  #0, CPUs:      #1
[    0.004000] kvm-clock: cpu 1, msr 1:1ff50041, secondary cpu clock
[    0.128025] smp: Brought up 1 node, 2 CPUs
[    0.128448] smpboot: Max logical packages: 1
[    0.128902] smpboot: Total of 2 processors activated (15171.48 BogoMIPS)
[    0.130091] devtmpfs: initialized
[    0.132064] x86/mm: Memory block size: 128MB
[    0.132796] evm: security.selinux
[    0.133144] evm: security.SMACK64
[    0.133493] evm: security.SMACK64EXEC
[    0.133879] evm: security.SMACK64TRANSMUTE
[    0.134315] evm: security.SMACK64MMAP
[    0.134694] evm: security.apparmor
[    0.135051] evm: security.ima
[    0.135367] evm: security.capability
[    0.135755] clocksource: jiffies: mask: 0xffffffff max_cycles: 0xffffffff, max_idle_ns: 7645041785100000 ns
[    0.135755] futex hash table entries: 512 (order: 3, 32768 bytes)
[    0.135755] pinctrl core: initialized pinctrl subsystem
[    0.136026] RTC time:  6:27:24, date: 12/27/21
[    0.136898] NET: Registered protocol family 16
[    0.137702] audit: initializing netlink subsys (disabled)
[    0.140016] audit: type=2000 audit(1640586448.393:1): state=initialized audit_enabled=0 res=1
[    0.140894] cpuidle: using governor ladder
[    0.140894] cpuidle: using governor menu
[    0.141184] ACPI: bus type PCI registered
[    0.141184] acpiphp: ACPI Hot Plug PCI Controller Driver version: 0.5
[    0.141768] PCI: Using configuration type 1 for base access
[    0.142590] PCI: Using configuration type 1 for extended access
[    0.148020] HugeTLB registered 2.00 MiB page size, pre-allocated 0 pages
[    0.149065] ACPI: Added _OSI(Module Device)
[    0.149065] ACPI: Added _OSI(Processor Device)
[    0.149065] ACPI: Added _OSI(3.0 _SCP Extensions)
[    0.149404] ACPI: Added _OSI(Processor Aggregator Device)
[    0.150245] ACPI: Added _OSI(Linux-Dell-Video)
[    0.150954] ACPI: Added _OSI(Linux-Lenovo-NV-HDMI-Audio)
[    0.152004] ACPI: Added _OSI(Linux-HPI-Hybrid-Graphics)
[    0.153098] ACPI: Executed 1 blocks of module-level executable AML code
[    0.159764] ACPI: Interpreter enabled
[    0.160000] ACPI: (supports S0 S5)
[    0.160004] ACPI: Using IOAPIC for interrupt routing
[    0.161150] PCI: Using host bridge windows from ACPI; if necessary, use "pci=nocrs" and report a bug
[    0.162713] ACPI: Enabled 2 GPEs in block 00 to 07
[    0.169847] ACPI: PCI Root Bridge [PCI0] (domain 0000 [bus 00-ff])
[    0.170778] acpi PNP0A03:00: _OSC: OS supports [ExtendedConfig ASPM ClockPM Segments MSI]
[    0.172361] acpi PNP0A03:00: _OSC: platform does not support [PCIeCapability]
[    0.174055] acpi PNP0A03:00: _OSC: not requesting control; platform does not support [PCIeCapability]
[    0.175465] acpi PNP0A03:00: _OSC: OS requested [PCIeHotplug PME AER PCIeCapability]
[    0.176004] acpi PNP0A03:00: _OSC: platform willing to grant [PCIeHotplug PME AER]
[    0.177169] acpi PNP0A03:00: _OSC failed (AE_SUPPORT); disabling ASPM
[    0.178661] PCI host bridge to bus 0000:00
[    0.180005] pci_bus 0000:00: root bus resource [io  0x0000-0x0cf7 window]
[    0.180984] pci_bus 0000:00: root bus resource [io  0x0d00-0xffff window]
[    0.181972] pci_bus 0000:00: root bus resource [mem 0x000a0000-0x000bffff window]
[    0.183103] pci_bus 0000:00: root bus resource [mem 0xe0000000-0xfdffffff window]
[    0.184005] pci_bus 0000:00: root bus resource [bus 00-ff]
[    0.186502] pci 0000:00:01.1: legacy IDE quirk: reg 0x10: [io  0x01f0-0x01f7]
[    0.188007] pci 0000:00:01.1: legacy IDE quirk: reg 0x14: [io  0x03f6]
[    0.189115] pci 0000:00:01.1: legacy IDE quirk: reg 0x18: [io  0x0170-0x0177]
[    0.190161] pci 0000:00:01.1: legacy IDE quirk: reg 0x1c: [io  0x0376]
[    0.228000] pci 0000:00:07.0: quirk: [io  0x4000-0x403f] claimed by PIIX4 ACPI
[    0.228010] pci 0000:00:07.0: quirk: [io  0x4100-0x410f] claimed by PIIX4 SMB
[    0.250598] ACPI: PCI Interrupt Link [LNKA] (IRQs 5 9 10 *11)
[    0.252058] ACPI: PCI Interrupt Link [LNKB] (IRQs 5 9 *10 11)
[    0.252761] ACPI: PCI Interrupt Link [LNKC] (IRQs 5 *9 10 11)
[    0.253413] ACPI: PCI Interrupt Link [LNKD] (IRQs 5 9 10 *11)
[    0.254327] SCSI subsystem initialized
[    0.256044] pci 0000:00:02.0: vgaarb: setting as boot VGA device
[    0.256651] pci 0000:00:02.0: vgaarb: VGA device added: decodes=io+mem,owns=io+mem,locks=none
[    0.256651] pci 0000:00:02.0: vgaarb: bridge control possible
[    0.256651] vgaarb: loaded
[    0.256974] ACPI: bus type USB registered
[    0.257432] usbcore: registered new interface driver usbfs
[    0.257994] usbcore: registered new interface driver hub
[    0.260024] usbcore: registered new device driver usb
[    0.260593] EDAC MC: Ver: 3.0.0
[    0.260593] PCI: Using ACPI for IRQ routing
[    0.260648] NetLabel: Initializing
[    0.261019] NetLabel:  domain hash size = 128
[    0.261473] NetLabel:  protocols = UNLABELED CIPSOv4 CALIPSO
[    0.264794] NetLabel:  unlabeled traffic allowed by default
[    0.265383] clocksource: Switched to clocksource kvm-clock
[    0.272548] VFS: Disk quotas dquot_6.6.0
[    0.273577] VFS: Dquot-cache hash table entries: 512 (order 0, 4096 bytes)
[    0.274408] AppArmor: AppArmor Filesystem Enabled
[    0.274948] pnp: PnP ACPI init
[    0.275902] pnp: PnP ACPI: found 3 devices
[    0.284088] clocksource: acpi_pm: mask: 0xffffff max_cycles: 0xffffff, max_idle_ns: 2085701024 ns
[    0.285038] NET: Registered protocol family 2
[    0.285587] IP idents hash table entries: 65536 (order: 7, 524288 bytes)
[    0.286527] TCP established hash table entries: 32768 (order: 6, 262144 bytes)
[    0.287494] TCP bind hash table entries: 32768 (order: 7, 524288 bytes)
[    0.288210] TCP: Hash tables configured (established 32768 bind 32768)
[    0.289642] UDP hash table entries: 2048 (order: 4, 65536 bytes)
[    0.290266] UDP-Lite hash table entries: 2048 (order: 4, 65536 bytes)
[    0.290965] NET: Registered protocol family 1
[    0.291433] pci 0000:00:00.0: Limiting direct PCI/PCI transfers
[    0.292037] pci 0000:00:01.0: Activating ISA DMA hang workarounds
[    0.292680] pci 0000:00:02.0: Video device with shadowed ROM at [mem 0x000c0000-0x000dffff]
[    0.293610] Unpacking initramfs...
[    0.515976] Freeing initrd memory: 20404K
[    0.516318] PCI-DMA: Using software bounce buffering for IO (SWIOTLB)
[    0.516318] software IO TLB: mapped [mem 0xdbff0000-0xdfff0000] (64MB)
[    0.516318] clocksource: tsc: mask: 0xffffffffffffffff max_cycles: 0x6d5812d0b0b, max_idle_ns: 881590872300 ns
[    0.516318] platform rtc_cmos: registered platform RTC device (no PNP device found)
[    0.519733] Scanning for low memory corruption every 60 seconds
[    0.520828] Initialise system trusted keyrings
[    0.521335] Key type blacklist registered
[    0.521836] workingset: timestamp_bits=36 max_order=20 bucket_order=0
[    0.523259] zbud: loaded
[    0.524152] squashfs: version 4.0 (2009/01/31) Phillip Lougher
[    0.524926] fuse init (API version 7.26)
[    0.527626] Key type asymmetric registered
[    0.528147] Asymmetric key parser 'x509' registered
[    0.528681] Block layer SCSI generic (bsg) driver version 0.4 loaded (major 246)
[    0.529479] io scheduler noop registered
[    0.529903] io scheduler deadline registered
[    0.530371] io scheduler cfq registered (default)
[    0.531098] ACPI: AC Adapter [AC] (on-line)
[    0.531602] input: Power Button as /devices/LNXSYSTM:00/LNXPWRBN:00/input/input0
[    0.532499] ACPI: Power Button [PWRF]
[    0.532935] input: Sleep Button as /devices/LNXSYSTM:00/LNXSLPBN:00/input/input1
[    0.533709] ACPI: Sleep Button [SLPF]
[    0.534348] Serial: 8250/16550 driver, 32 ports, IRQ sharing enabled
[    0.555323] 00:02: ttyS0 at I/O 0x3f8 (irq = 4, base_baud = 115200) is a 16550A
[    0.557916] Linux agpgart interface v0.103
[    0.560186] loop: module loaded
[    0.560906] scsi host0: ata_piix
[    0.561397] scsi host1: ata_piix
[    0.561775] ata1: PATA max UDMA/33 cmd 0x1f0 ctl 0x3f6 bmdma 0xd000 irq 14
[    0.562508] ata2: PATA max UDMA/33 cmd 0x170 ctl 0x376 bmdma 0xd008 irq 15
[    0.563267] libphy: Fixed MDIO Bus: probed
[    0.563709] tun: Universal TUN/TAP device driver, 1.6
[    0.564287] PPP generic driver version 2.4.2
[    0.564793] ehci_hcd: USB 2.0 'Enhanced' Host Controller (EHCI) Driver
[    0.565468] ehci-pci: EHCI PCI platform driver
[    0.565946] ehci-platform: EHCI generic platform driver
[    0.566490] ohci_hcd: USB 1.1 'Open' Host Controller (OHCI) Driver
[    0.567125] ohci-pci: OHCI PCI platform driver
[    0.567608] ohci-platform: OHCI generic platform driver
[    0.568176] uhci_hcd: USB Universal Host Controller Interface driver
[    0.568869] i8042: PNP: PS/2 Controller [PNP0303:PS2K,PNP0f03:PS2M] at 0x60,0x64 irq 1,12
[    0.570004] serio: i8042 KBD port at 0x60,0x64 irq 1
[    0.570541] serio: i8042 AUX port at 0x60,0x64 irq 12
[    0.571161] mousedev: PS/2 mouse device common for all mice
[    0.572179] input: AT Translated Set 2 keyboard as /devices/platform/i8042/serio0/input/input2
[    0.573252] rtc_cmos rtc_cmos: rtc core: registered rtc_cmos as rtc0
[    0.573923] rtc_cmos rtc_cmos: alarms up to one day, 114 bytes nvram
[    0.574583] i2c /dev entries driver
[    0.575017] device-mapper: uevent: version 1.0.3
[    0.575572] device-mapper: ioctl: 4.37.0-ioctl (2017-09-20) initialised: dm-devel@redhat.com
[    0.576483] ledtrig-cpu: registered to indicate activity on CPUs
[    0.577401] NET: Registered protocol family 10
[    0.580208] Segment Routing with IPv6
[    0.580624] NET: Registered protocol family 17
[    0.581143] Key type dns_resolver registered
[    0.581721] mce: Using 0 MCE banks
[    0.582096] RAS: Correctable Errors collector initialized.
[    0.582672] sched_clock: Marking stable (581696179, 0)->(770343721, -188647542)
[    0.583670] registered taskstats version 1
[    0.584104] Loading compiled-in X.509 certificates
[    0.586597] Loaded X.509 cert 'Build time autogenerated kernel key: bf5768e0b2369bd53acb56866ca104cf5a2c379b'
[    0.588033] Loaded X.509 cert 'Canonical Ltd. Live Patch Signing: 14df34d1a87cf37625abec039ef2bf521249b969'
[    0.589388] Loaded X.509 cert 'Canonical Ltd. Kernel Module Signing: 88f752e560a1e0737e31163a466ad7b70a850c19'
[    0.590403] zswap: loaded using pool lzo/zbud
[    0.592853] Key type big_key registered
[    0.593288] Key type trusted registered
[    0.594629] Key type encrypted registered
[    0.595078] AppArmor: AppArmor sha1 policy hashing enabled
[    0.595639] ima: No TPM chip found, activating TPM-bypass! (rc=-19)
[    0.596265] ima: Allocated hash algorithm: sha1
[    0.596744] evm: HMAC attrs: 0x1
[    0.597243]   Magic number: 1:627:469
[    0.597738] rtc_cmos rtc_cmos: setting system clock to 2021-12-27 06:27:24 UTC (1640586444)
[    0.598708] BIOS EDD facility v0.16 2004-Jun-25, 0 devices found
[    0.599352] EDD information not available.
[    0.747911] Freeing unused kernel image memory: 2448K
[    0.760122] Write protecting the kernel read-only data: 20480k
[    0.761220] Freeing unused kernel image memory: 2008K
[    0.762054] Freeing unused kernel image memory: 1824K
[    0.768008] x86/mm: Checked W+X mappings: passed, no W+X pages found.
Loading, please wait...
starting version 237
[    0.816392] e1000: Intel(R) PRO/1000 Network Driver - version 7.3.21-k8-NAPI
[    0.817330] e1000: Copyright (c) 1999-2006 Intel Corporation.
[    0.820908] Fusion MPT base driver 3.04.20
[    0.821364] Copyright (c) 1999-2008 LSI Corporation
[    0.824854] Fusion MPT SPI Host driver 3.04.20
[    0.832669] vboxvideo: loading out-of-tree module taints kernel.
[    0.833346] vboxvideo: module verification failed: signature and/or required key missing - tainting kernel
[    0.835406] AVX2 version of gcm_enc/dec engaged.
[    0.836134] AES CTR mode by8 optimization enabled
[    0.836808] vboxvideo: loading version 6.1.26 r145957
[    1.024065] input: ImExPS/2 Generic Explorer Mouse as /devices/platform/i8042/serio1/input/input4
[    1.150851] e1000 0000:00:03.0 eth0: (PCI:33MHz:32-bit) 02:2f:77:f1:0c:e0
[    1.151656] e1000 0000:00:03.0 eth0: Intel(R) PRO/1000 Network Connection
[    1.153036] mptbase: ioc0: Initiating bringup
[    1.628451] ioc0: LSI53C1030 A0: Capabilities={Initiator}
[    1.869019] scsi host2: ioc0: LSI53C1030 A0, FwRev=00000000h, Ports=1, MaxQ=256, IRQ=20
[    4.127303] scsi 2:0:0:0: Direct-Access     VBOX     HARDDISK         1.0  PQ: 0 ANSI: 5
[    4.127936] [drm] VRAM 01000000
[    4.128774] [TTM] Zone  kernel: Available graphics memory: 2019580 kiB
[    4.129621] [TTM] Initializing pool allocator
[    4.130153] [TTM] Initializing DMA pool allocator
[    4.131835] fbcon: vboxdrmfb (fb0) is primary device
[    4.132882] Console: switching to colour frame buffer device 100x37
[    4.134707] vboxvideo 0000:00:02.0: fb0: vboxdrmfb frame buffer device
[    4.148157] [drm] Initialized vboxvideo 1.0.0 20130823 for 0000:00:02.0 on minor 0
[    4.167038] scsi target2:0:0: Beginning Domain Validation
[    4.168376] scsi target2:0:0: Domain Validation skipping write tests
[    4.168988] scsi target2:0:0: Ending Domain Validation
[    4.169454] scsi target2:0:0: asynchronous
[    4.170058] scsi 2:0:1:0: Direct-Access     VBOX     HARDDISK         1.0  PQ: 0 ANSI: 5
[    4.316189] scsi target2:0:1: Beginning Domain Validation
[    4.317164] scsi target2:0:1: Domain Validation skipping write tests
[    4.317658] scsi target2:0:1: Ending Domain Validation
[    4.318129] random: fast init done
[    4.318584] scsi target2:0:1: asynchronous
[    4.321193] sd 2:0:0:0: [sda] 83886080 512-byte logical blocks: (42.9 GB/40.0 GiB)
[    4.321980] sd 2:0:0:0: [sda] Write Protect is off
[    4.322612] sd 2:0:0:0: [sda] Incomplete mode parameter data
[    4.323213] sd 2:0:0:0: [sda] Assuming drive cache: write through
[    4.324255] random: systemd-udevd: uninitialized urandom read (16 bytes read)
[    4.324993] sd 2:0:0:0: Attached scsi generic sg0 type 0
[    4.325694] sd 2:0:1:0: Attached scsi generic sg1 type 0
[    4.326407] random: systemd-udevd: uninitialized urandom read (16 bytes read)
[    4.327201] random: systemd-udevd: uninitialized urandom read (16 bytes read)
[    4.328062] sd 2:0:1:0: [sdb] 20480 512-byte logical blocks: (10.5 MB/10.0 MiB)
[    4.328875] sd 2:0:1:0: [sdb] Write Protect is off
[    4.329503]  sda: sda1
[    4.330235] sd 2:0:1:0: [sdb] Incomplete mode parameter data
[    4.330985] sd 2:0:1:0: [sdb] Assuming drive cache: write through
[    4.331775] sd 2:0:0:0: [sda] Attached SCSI disk
[    4.333640] sd 2:0:1:0: [sdb] Attached SCSI disk
[    4.490639] e1000 0000:00:08.0 eth1: (PCI:33MHz:32-bit) 08:00:27:89:ec:fc
[    4.491583] e1000 0000:00:08.0 eth1: Intel(R) PRO/1000 Network Connection
[    4.493407] e1000 0000:00:03.0 enp0s3: renamed from eth0
[    4.508305] e1000 0000:00:08.0 enp0s8: renamed from eth1
Begin: Loading essential drivers ... [    4.668127] raid6: sse2x1   gen()  8323 MB/s
[    4.716120] raid6: sse2x1   xor()  8342 MB/s
[    4.764130] raid6: sse2x2   gen() 18198 MB/s
[    4.812120] raid6: sse2x2   xor() 11595 MB/s
[    4.860113] raid6: sse2x4   gen() 18027 MB/s
[    4.908128] raid6: sse2x4   xor()  9771 MB/s
[    4.956127] raid6: avx2x1   gen() 19808 MB/s
[    5.004121] raid6: avx2x1   xor() 16543 MB/s
[    5.052153] raid6: avx2x2   gen() 35426 MB/s
[    5.100120] raid6: avx2x2   xor() 21981 MB/s
[    5.148116] raid6: avx2x4   gen() 36946 MB/s
[    5.196152] raid6: avx2x4   xor() 15319 MB/s
[    5.196798] raid6: using algorithm avx2x4 gen() 36946 MB/s
[    5.197513] raid6: .... xor() 15319 MB/s, rmw enabled
[    5.198183] raid6: using avx2x2 recovery algorithm
[    5.199680] xor: automatically using best checksumming function   avx       
[    5.201194] async_tx: api initialized (async)
done.
Begin: Running /scripts/init-premount ... done.
Begin: Mounting root file system ... Begin: Running /scripts/local-top ... done.
Begin: Running /scripts/local-premount ... [    5.230710] Btrfs loaded, crc32c=crc32c-intel
Scanning for Btrfs filesystems
done.
Begin: Will now check root file system ... fsck from util-linux 2.31.1
[/sbin/fsck.ext4 (1) -- /dev/sda1] fsck.ext4 -a -C0 /dev/sda1 
cloudimg-rootfs: recovering journal
cloudimg-rootfs: clean, 146240/5120000 files, 1710393/10485499 blocks
done.
[    5.296882] EXT4-fs (sda1): mounted filesystem with ordered data mode. Opts: (null)
done.
Begin: Running /scripts/local-bottom ... done.
Begin: Running /scripts/init-bottom ... done.
[    5.389509] ip_tables: (C) 2000-2006 Netfilter Core Team
[    5.395219] systemd[1]: systemd 237 running in system mode. (+PAM +AUDIT +SELINUX +IMA +APPARMOR +SMACK +SYSVINIT +UTMP +LIBCRYPTSETUP +GCRYPT +GNUTLS +ACL +XZ +LZ4 +SECCOMP +BLKID +ELFUTILS +KMOD -IDN2 +IDN -PCRE2 default-hierarchy=hybrid)
[    5.397751] systemd[1]: Detected virtualization oracle.
[    5.398480] systemd[1]: Detected architecture x86-64.

Welcome to [1mUbuntu 18.04.6 LTS[0m!

[    5.402152] systemd[1]: Set hostname to <ubuntu1804-vagrants>.
[    5.553657] systemd[1]: Started Forward Password Requests to Wall Directory Watch.
[[0;32m  OK  [0m] Started Forward Password Requests to Wall Directory Watch.
[    5.555118] systemd[1]: Reached target System Time Synchronized.
[[0;32m  OK  [0m] Reached target System Time Synchronized.
[    5.556819] systemd[1]: Created slice System Slice.
[[0;32m  OK  [0m] Created slice System Slice.
[    5.557783] systemd[1]: Listening on Network Service Netlink Socket.
[[0;32m  OK  [0m] Listening on Network Service Netlink Socket.
[    5.558867] systemd[1]: Listening on fsck to fsckd communication Socket.
[[0;32m  OK  [0m] Listening on fsck to fsckd communication Socket.
[    5.559987] systemd[1]: Listening on LVM2 poll daemon socket.
[[0;32m  OK  [0m] Listening on LVM2 poll daemon socket.
[[0;32m  OK  [0m] Listening on Journal Socket (/dev/log).
[[0;32m  OK  [0m] Created slice system-serial\x2dgetty.slice.
[[0;32m  OK  [0m] Reached target Swap.
[[0;32m  OK  [0m] Listening on Journal Audit Socket.
[[0;32m  OK  [0m] Listening on LVM2 metadata daemon socket.
[[0;32m  OK  [0m] Created slice User and Session Slice.
[[0;32m  OK  [0m] Reached target User and Group Name Lookups.
[[0;32m  OK  [0m] Listening on /dev/initctl Compatibility Named Pipe.
[[0;32m  OK  [0m] Reached target Slices.
[[0;32m  OK  [0m] Listening on udev Control Socket.
[[0;32m  OK  [0m] Listening on Syslog Socket.
[[0;32m  OK  [0m] Listening on Journal Socket.
         Starting Uncomplicated firewall...
         Starting Load Kernel Modules...
         Mounting Huge Pages File System...
         Starting Remount Root and Kernel File Systems...
         Starting Set the console keyboard layout...
         Mounting POSIX Message Queue File System...
         Starting Journal Service...
         Starting Create list of required st…ce nodes for the current kernel...
[[0;32m  OK  [0m] Set up automount Arbitrary Executab…rmats File System Automount Point.
[    5.590128] Loading iSCSI transport class v2.0-870.
[    5.595089] iscsi: registered transport (tcp)
[    5.607868] iscsi: registered transport (iser)
         Mounting Kernel Debug File System...
[[0;32m  OK  [0m] Listening on Device-mapper event daemon FIFOs.
         Starting Monitoring of LVM2 mirrors…ng dmeventd or progress polling...
[[0;32m  OK  [0m] Listening on udev Kernel Socket.
         Starting udev Coldplug all Devices...
[[0;32m  OK  [0m] Started Load Kernel Modules.
[[0;32m  OK  [0m] Started Create list of required sta…vice nodes for the current kernel.
         Starting Create Static Device Nodes in /dev...
         Starting Apply Kernel Variables...
         Mounting FUSE Control File System...
         Mounting Kernel Configuration File System...
[[0;32m  OK  [0m] Started Uncomplicated firewall.
[[0;32m  OK  [0m] Mounted FUSE Control File System.
[[0;32m  OK  [0m] Mounted Huge Pages File System.
[[0;32m  OK  [0m] Mounted Kernel Configuration File System.
[[0;32m  OK  [0m] Mounted POSIX Message Queue File System.
[[0;32m  OK  [0m] Mounted Kernel Debug File System.
[[0;32m  OK  [0m] Started Journal Service.
[[0;32m  OK  [0m] Started udev Coldplug all Devices.
[[0;32m  OK  [0m] Started LVM2 metadata daemon.
[[0;32m  OK  [0m] Started Create Static Device Nodes in /dev.
[[0;32m  OK  [0m] Started Remount Root and Kernel File Systems.
         Starting Load/Save Random Seed...
         Starting Flush Journal to Persistent Storage...
         Starting udev Kernel Device Manager...
[[0;32m  OK  [0m] Started Monitoring of LVM2 mirrors,…sing dmeventd or progress polling.
[[0;32m  OK  [0m] Started Apply Kernel Variables.
[[0;32m  OK  [0m] Started Load/Save Random Seed.
[[0;32m  OK  [0m] Started udev Kernel Device Manager.
[[0;32m  OK  [0m] Started Set the console keyboard layout.
[[0;32m  OK  [0m] Reached target Local File Systems (Pre).
[[0;32m  OK  [0m] Reached target Local File Systems.
         Starting ebtables ruleset management...
         Starting AppArmor initialization...
         Starting Tell Plymouth To Write Out Runtime Data...
         Starting Set console font and keymap...
[[0;32m  OK  [0m] Started Dispatch Password Requests to Console Directory Watch.
[[0;32m  OK  [0m] Reached target Local Encrypted Volumes.
[[0;32m  OK  [0m] Started Flush Journal to Persistent Storage.
         Starting Create Volatile Files and Directories...
[[0;32m  OK  [0m] Started Tell Plymouth To Write Out Runtime Data.
[[0;32m  OK  [0m] Started Set console font and keymap.
[[0;32m  OK  [0m] Started Create Volatile Files and Directories.
         Starting Update UTMP about System Boot/Shutdown...
[[0;32m  OK  [0m] Started Update UTMP about System Boot/Shutdown.
[[0;32m  OK  [0m] Started ebtables ruleset management.
[[0;32m  OK  [0m] Found device /dev/ttyS0.
[[0;32m  OK  [0m] Started AppArmor initialization.
         Starting Initial cloud-init job (pre-networking)...
         Starting Load AppArmor profiles managed internally by snapd...
[[0;32m  OK  [0m] Started Load AppArmor profiles managed internally by snapd.
[[0;32m  OK  [0m] Listening on Load/Save RF Kill Switch Status /dev/rfkill Watch.
[    7.390449] cloud-init[549]: Cloud-init v. 21.2-3-g899bfaa9-0ubuntu2~18.04.1 running 'init-local' at Mon, 27 Dec 2021 06:27:31 +0000. Up 7.26 seconds.
[[0;32m  OK  [0m] Started Initial cloud-init job (pre-networking).
[[0;32m  OK  [0m] Reached target Network (Pre).
         Starting Network Service...
[[0;32m  OK  [0m] Started Network Service.
         Starting Network Name Resolution...
         Starting Wait for Network to be Configured...
[[0;32m  OK  [0m] Started Network Name Resolution.
[[0;32m  OK  [0m] Reached target Network.
[[0;32m  OK  [0m] Reached target Host and Network Name Lookups.
[[0;32m  OK  [0m] Started Wait for Network to be Configured.
         Starting Initial cloud-init job (metadata service crawler)...
[    9.903719] cloud-init[726]: Cloud-init v. 21.2-3-g899bfaa9-0ubuntu2~18.04.1 running 'init' at Mon, 27 Dec 2021 06:27:33 +0000. Up 9.81 seconds.
[    9.906350] cloud-init[726]: ci-info: ++++++++++++++++++++++++++++++++++++++Net device info+++++++++++++++++++++++++++++++++++++++
[    9.907054] cloud-init[726]: ci-info: +--------+------+-----------------------------+---------------+--------+-------------------+
[    9.907725] cloud-init[726]: ci-info: | Device |  Up  |           Address           |      Mask     | Scope  |     Hw-Address    |
[    9.908689] cloud-init[726]: ci-info: +--------+------+-----------------------------+---------------+--------+-------------------+
[    9.909446] cloud-init[726]: ci-info: | enp0s3 | True |          10.0.2.15          | 255.255.255.0 | global | 02:2f:77:f1:0c:e0 |
[    9.910109] cloud-init[726]: ci-info: | enp0s3 | True |  fe80::2f:77ff:fef1:ce0/64  |       .       |  link  | 02:2f:77:f1:0c:e0 |
[    9.910749] cloud-init[726]: ci-info: | enp0s8 | True |         192.168.56.3        | 255.255.255.0 | global | 08:00:27:89:ec:fc |
[    9.911374] cloud-init[726]: ci-info: | enp0s8 | True | fe80::a00:27ff:fe89:ecfc/64 |       .       |  link  | 08:00:27:89:ec:fc |
[    9.911998] cloud-init[726]: ci-info: |   lo   | True |          127.0.0.1          |   255.0.0.0   |  host  |         .         |
[    9.912569] cloud-init[726]: ci-info: |   lo   | True |           ::1/128           |       .       |  host  |         .         |
[    9.913169] cloud-init[726]: ci-info: +--------+------+-----------------------------+---------------+--------+-------------------+
[    9.913817] cloud-init[726]: ci-info: +++++++++++++++++++++++++++++Route IPv4 info+++++++++++++++++++++++++++++
[    9.914351] cloud-init[726]: ci-info: +-------+--------------+----------+-----------------+-----------+-------+
[    9.914964] cloud-init[726]: ci-info: | Route | Destination  | Gateway  |     Genmask     | Interface | Flags |
[    9.915536] cloud-init[726]: ci-info: +-------+--------------+----------+-----------------+-----------+-------+
[    9.916073] cloud-init[726]: ci-info: |   0   |   0.0.0.0    | 10.0.2.2 |     0.0.0.0     |   enp0s3  |   UG  |
[    9.916623] cloud-init[726]: ci-info: |   1   |   10.0.2.0   | 0.0.0.0  |  255.255.255.0  |   enp0s3  |   U   |
[    9.917217] cloud-init[726]: ci-info: |   2   |   10.0.2.2   | 0.0.0.0  | 255.255.255.255 |   enp0s3  |   UH  |
[    9.917862] cloud-init[726]: ci-info: |   3   | 192.168.56.0 | 0.0.0.0  |  255.255.255.0  |   enp0s8  |   U   |
[    9.918586] cloud-init[726]: ci-info: +-------+--------------+----------+-----------------+-----------+-------+
[    9.919189] cloud-init[726]: ci-info: +++++++++++++++++++Route IPv6 info+++++++++++++++++++
[    9.919730] cloud-init[726]: ci-info: +-------+-------------+---------+-----------+-------+
[    9.920577] cloud-init[726]: ci-info: | Route | Destination | Gateway | Interface | Flags |
[    9.921195] cloud-init[726]: ci-info: +-------+-------------+---------+-----------+-------+
[    9.922684] cloud-init[726]: ci-info: |   1   |  fe80::/64  |    ::   |   enp0s3  |   U   |
[    9.923262] cloud-init[726]: ci-info: |   2   |  fe80::/64  |    ::   |   enp0s8  |   U   |
[    9.923863] cloud-init[726]: ci-info: |   4   |    local    |    ::   |   enp0s3  |   U   |
[    9.924442] cloud-init[726]: ci-info: |   5   |    local    |    ::   |   enp0s8  |   U   |
[    9.924940] cloud-init[726]: ci-info: |   6   |   ff00::/8  |    ::   |   enp0s3  |   U   |
[    9.925538] cloud-init[726]: ci-info: |   7   |   ff00::/8  |    ::   |   enp0s8  |   U   |
[    9.926098] cloud-init[726]: ci-info: +-------+-------------+---------+-----------+-------+
[[0;32m  OK  [0m] Started Initial cloud-init job (metadata service crawler).
[[0;32m  OK  [0m] Reached target Cloud-config availability.
[[0;32m  OK  [0m] Reached target Network is Online.
[[0;32m  OK  [0m] Reached target Remote File Systems (Pre).
[[0;32m  OK  [0m] Reached target Remote File Systems.
         Starting Availability of block devices...
[[0;32m  OK  [0m] Reached target System Initialization.
[[0;32m  OK  [0m] Started ACPI Events Check.
[[0;32m  OK  [0m] Started Message of the Day.
[[0;32m  OK  [0m] Started Daily Cleanup of Temporary Directories.
[[0;32m  OK  [0m] Reached target Paths.
         Starting Docker Socket for the API.
[[0;32m  OK  [0m] Listening on ACPID Listen Socket.
[[0;32m  OK  [0m] Started Discard unused blocks once a week.
[[0;32m  OK  [0m] Started Ubuntu Advantage update messaging.
         Starting LXD - unix socket.
[[0;32m  OK  [0m] Started Daily apt download activities.
         Starting Socket activation for snappy daemon.
[[0;32m  OK  [0m] Listening on D-Bus System Message Bus Socket.
[[0;32m  OK  [0m] Started Daily apt upgrade and clean activities.
[[0;32m  OK  [0m] Reached target Timers.
[[0;32m  OK  [0m] Listening on Open-iSCSI iscsid Socket.
[[0;32m  OK  [0m] Listening on UUID daemon activation socket.
[[0;32m  OK  [0m] Started Availability of block devices.
[[0;32m  OK  [0m] Listening on Docker Socket for the API.
[[0;32m  OK  [0m] Listening on LXD - unix socket.
[[0;32m  OK  [0m] Listening on Socket activation for snappy daemon.
[[0;32m  OK  [0m] Reached target Sockets.
[[0;32m  OK  [0m] Reached target Basic System.
         Starting Permit User Sessions...
[[0;32m  OK  [0m] Started FUSE filesystem for LXC.
[[0;32m  OK  [0m] Started D-Bus System Message Bus.
         Starting LSB: Record successful boot for GRUB...
         Starting System Logging Service...
         Starting containerd container runtime...
         Starting Accounts Service...
         Starting Ubuntu FAN network setup...
         Starting LXD - container startup/shutdown...
[[0;32m  OK  [0m] Started Deferred execution scheduler.
         Starting Dispatcher daemon for systemd-networkd...
         Starting OpenBSD Secure Shell server...
         Starting vboxadd.service...
         Starting Lightweight Kubernetes...
[[0;32m  OK  [0m] Started irqbalance daemon.
[[0;32m  OK  [0m] Started Regular background program processing daemon.
         Starting Snap Daemon...
         Starting LSB: automatic crash report generation...
         Starting Login Service...
[[0;32m  OK  [0m] Started System Logging Service.
[[0;32m  OK  [0m] Started Permit User Sessions.
[[0;32m  OK  [0m] Started LXD - container startup/shutdown.
         Starting Hold until boot process finishes up...
         Starting Terminate Plymouth Boot Screen...
[[0;32m  OK  [0m] Started Hold until boot process finishes up.
[[0;32m  OK  [0m] Started Serial Getty on ttyS0.
         Starting Set console scheme...
[[0;32m  OK  [0m] Started Terminate Plymouth Boot Screen.
[[0;32m  OK  [0m] Started Login Service.
[[0;32m  OK  [0m] Started Unattended Upgrades Shutdown.
[[0;32m  OK  [0m] Started Set console scheme.
[[0;32m  OK  [0m] Created slice system-getty.slice.
[[0;32m  OK  [0m] Started Getty on tty1.
[[0;32m  OK  [0m] Reached target Login Prompts.
         Starting Authorization Manager...
[[0;32m  OK  [0m] Started OpenBSD Secure Shell server.
[[0;32m  OK  [0m] Started Authorization Manager.
[[0;32m  OK  [0m] Started Accounts Service.
[[0;32m  OK  [0m] Started LSB: automatic crash report generation.
[[0;32m  OK  [0m] Started LSB: Record successful boot for GRUB.
[[0;32m  OK  [0m] Started Ubuntu FAN network setup.
[[0;32m  OK  [0m] Started Dispatcher daemon for systemd-networkd.
[[0;32m  OK  [0m] Started containerd container runtime.
         Starting Docker Application Container Engine...
[[0;32m  OK  [0m] Started Snap Daemon.
         Starting Wait until snapd is fully seeded...
[[0;32m  OK  [0m] Started Wait until snapd is fully seeded.
         Starting Apply the settings specified in cloud-config...
[[0;32m  OK  [0m] Started vboxadd.service.
         Starting vboxadd-service.service...
[[0;32m  OK  [0m] Started Apply the settings specified in cloud-config.
[[0;32m  OK  [0m] Started vboxadd-service.service.
[   12.301931] cloud-init[1478]: Cloud-init v. 21.2-3-g899bfaa9-0ubuntu2~18.04.1 running 'modules:config' at Mon, 27 Dec 2021 06:27:35 +0000. Up 12.04 seconds.
[[0;32m  OK  [0m] Created slice User Slice of vagrant.
         Starting User Manager for UID 1000...
[[0;32m  OK  [0m] Started Session 1 of user vagrant.
[[0;32m  OK  [0m] Started User Manager for UID 1000.
[[0;32m  OK  [0m] Started Docker Application Container Engine.
[[0;32m  OK  [0m] Started Kubernetes systemd probe.
[[0;32m  OK  [0m] Stopped Wait for Network to be Configured.
         Stopping Network Service...
[[0;32m  OK  [0m] Stopped Network Service.
         Starting Network Service...
[[0;32m  OK  [0m] Started Network Service.

Ubuntu 18.04.6 LTS ubuntu1804-vagrants ttyS0

ubuntu1804-vagrants login: [   16.810741] cloud-init[2563]: Cloud-init v. 21.2-3-g899bfaa9-0ubuntu2~18.04.1 running 'modules:final' at Mon, 27 Dec 2021 06:27:40 +0000. Up 16.68 seconds.
[   16.811750] cloud-init[2563]: Cloud-init v. 21.2-3-g899bfaa9-0ubuntu2~18.04.1 finished at Mon, 27 Dec 2021 06:27:40 +0000. Datasource DataSourceNoCloud [seed=/dev/sdb][dsmode=net].  Up 16.80 seconds
